<?xml version="1.0" encoding="UTF-8"?>
<coverage generated="1552731427935" clover="3.2.0">
  <project timestamp="1552731427936" name="All files">
    <metrics statements="35" coveredstatements="16" conditionals="22" coveredconditionals="3" methods="12" coveredmethods="3" elements="69" coveredelements="22" complexity="0" loc="35" ncloc="35" packages="2" files="3" classes="3">
      <package name="_tests">
        <metrics statements="17" coveredstatements="5" conditionals="12" coveredconditionals="0" methods="5" coveredmethods="0"/>
        <file name="setupTest.js" path="/Users/alex/Documents/Машин проект/vs-v2/_tests/setupTest.js">
          <metrics statements="3" coveredstatements="3" conditionals="0" coveredconditionals="0" methods="0" coveredmethods="0"/>
          <line num="1" count="1" type="stmt"/>
          <line num="2" count="1" type="stmt"/>
          <line num="5" count="1" type="stmt"/>
        </file>
        <file name="util.js" path="/Users/alex/Documents/Машин проект/vs-v2/_tests/util.js">
          <metrics statements="14" coveredstatements="2" conditionals="12" coveredconditionals="0" methods="5" coveredmethods="0"/>
          <line num="5" count="1" type="stmt"/>
          <line num="6" count="0" type="stmt"/>
          <line num="7" count="0" type="cond" truecount="0" falsecount="2"/>
          <line num="8" count="0" type="stmt"/>
          <line num="13" count="0" type="cond" truecount="0" falsecount="2"/>
          <line num="14" count="0" type="stmt"/>
          <line num="19" count="0" type="cond" truecount="0" falsecount="2"/>
          <line num="20" count="0" type="stmt"/>
          <line num="23" count="1" type="stmt"/>
          <line num="24" count="0" type="stmt"/>
          <line num="25" count="0" type="cond" truecount="0" falsecount="4"/>
          <line num="27" count="0" type="cond" truecount="0" falsecount="2"/>
          <line num="28" count="0" type="stmt"/>
          <line num="31" count="0" type="stmt"/>
        </file>
      </package>
      <package name="src.share.Containers.VS">
        <metrics statements="18" coveredstatements="11" conditionals="10" coveredconditionals="3" methods="7" coveredmethods="3"/>
        <file name="EmbeddedPlayer.js" path="/Users/alex/Documents/Машин проект/vs-v2/src/share/Containers/VS/EmbeddedPlayer.js">
          <metrics statements="18" coveredstatements="11" conditionals="10" coveredconditionals="3" methods="7" coveredmethods="3"/>
          <line num="15" count="1" type="stmt"/>
          <line num="17" count="1" type="cond" truecount="1" falsecount="1"/>
          <line num="18" count="1" type="stmt"/>
          <line num="19" count="1" type="stmt"/>
          <line num="21" count="1" type="cond" truecount="1" falsecount="1"/>
          <line num="22" count="1" type="stmt"/>
          <line num="26" count="0" type="cond" truecount="0" falsecount="2"/>
          <line num="27" count="0" type="stmt"/>
          <line num="32" count="1" type="stmt"/>
          <line num="35" count="0" type="stmt"/>
          <line num="36" count="0" type="stmt"/>
          <line num="37" count="0" type="cond" truecount="0" falsecount="2"/>
          <line num="38" count="0" type="stmt"/>
          <line num="43" count="2" type="stmt"/>
          <line num="44" count="2" type="stmt"/>
          <line num="47" count="0" type="stmt"/>
          <line num="55" count="1" type="stmt"/>
          <line num="60" count="1" type="stmt"/>
        </file>
      </package>
    </metrics>
  </project>
</coverage>
