<?xml version="1.0" encoding="UTF-8"?>
<coverage generated="1552936165660" clover="3.2.0">
  <project timestamp="1552936165660" name="All files">
    <metrics statements="27" coveredstatements="15" conditionals="16" coveredconditionals="5" methods="10" coveredmethods="3" elements="53" coveredelements="23" complexity="0" loc="27" ncloc="27" packages="2" files="3" classes="3">
      <package name="_tests">
        <metrics statements="9" coveredstatements="4" conditionals="6" coveredconditionals="0" methods="3" coveredmethods="0"/>
        <file name="setupTest.js" path="/Users/alex/Documents/Машин проект/vs-v2/_tests/setupTest.js">
          <metrics statements="3" coveredstatements="3" conditionals="0" coveredconditionals="0" methods="0" coveredmethods="0"/>
          <line num="1" count="1" type="stmt"/>
          <line num="2" count="1" type="stmt"/>
          <line num="5" count="1" type="stmt"/>
        </file>
        <file name="util.js" path="/Users/alex/Documents/Машин проект/vs-v2/_tests/util.js">
          <metrics statements="6" coveredstatements="1" conditionals="6" coveredconditionals="0" methods="3" coveredmethods="0"/>
          <line num="1" count="1" type="stmt"/>
          <line num="2" count="0" type="stmt"/>
          <line num="3" count="0" type="cond" truecount="0" falsecount="4"/>
          <line num="5" count="0" type="cond" truecount="0" falsecount="2"/>
          <line num="6" count="0" type="stmt"/>
          <line num="9" count="0" type="stmt"/>
        </file>
      </package>
      <package name="src.share.Containers.VS">
        <metrics statements="18" coveredstatements="11" conditionals="10" coveredconditionals="5" methods="7" coveredmethods="3"/>
        <file name="EmbeddedPlayer.js" path="/Users/alex/Documents/Машин проект/vs-v2/src/share/Containers/VS/EmbeddedPlayer.js">
          <metrics statements="18" coveredstatements="11" conditionals="10" coveredconditionals="5" methods="7" coveredmethods="3"/>
          <line num="19" count="4" type="stmt"/>
          <line num="20" count="4" type="stmt"/>
          <line num="22" count="4" type="cond" truecount="2" falsecount="0"/>
          <line num="23" count="3" type="stmt"/>
          <line num="24" count="3" type="stmt"/>
          <line num="26" count="4" type="cond" truecount="2" falsecount="0"/>
          <line num="27" count="4" type="stmt"/>
          <line num="31" count="0" type="cond" truecount="0" falsecount="2"/>
          <line num="32" count="0" type="stmt"/>
          <line num="37" count="2" type="stmt"/>
          <line num="40" count="0" type="stmt"/>
          <line num="41" count="0" type="stmt"/>
          <line num="42" count="0" type="cond" truecount="0" falsecount="2"/>
          <line num="43" count="0" type="stmt"/>
          <line num="48" count="6" type="stmt"/>
          <line num="49" count="6" type="stmt"/>
          <line num="52" count="0" type="stmt"/>
          <line num="61" count="1" type="stmt"/>
        </file>
      </package>
    </metrics>
  </project>
</coverage>
