{"/Users/alex/Documents/Машин проект/vs-v2/_tests/setupTest.js": {"path":"/Users/alex/Documents/Машин проект/vs-v2/_tests/setupTest.js","statementMap":{"0":{"start":{"line":1,"column":15},"end":{"line":1,"column":32}},"1":{"start":{"line":2,"column":16},"end":{"line":2,"column":50}},"2":{"start":{"line":5,"column":0},"end":{"line":5,"column":45}}},"fnMap":{},"branchMap":{},"s":{"0":1,"1":1,"2":1},"f":{},"b":{},"_coverageSchema":"332fd63041d2c1bcb487cc26dd0d5f7d97098a6c","hash":"ab03eb6c5831c02f95c4275ebcc9226656df37ca"}
,"/Users/alex/Documents/Машин проект/vs-v2/_tests/util.js": {"path":"/Users/alex/Documents/Машин проект/vs-v2/_tests/util.js","statementMap":{"0":{"start":{"line":1,"column":26},"end":{"line":12,"column":1}},"1":{"start":{"line":2,"column":24},"end":{"line":2,"column":40}},"2":{"start":{"line":3,"column":16},"end":{"line":4,"column":45}},"3":{"start":{"line":5,"column":2},"end":{"line":11,"column":3}},"4":{"start":{"line":6,"column":18},"end":{"line":6,"column":40}},"5":{"start":{"line":9,"column":18},"end":{"line":9,"column":111}}},"fnMap":{"0":{"name":"(anonymous_0)","decl":{"start":{"line":1,"column":26},"end":{"line":1,"column":27}},"loc":{"start":{"line":1,"column":50},"end":{"line":12,"column":1}},"line":1},"1":{"name":"(anonymous_1)","decl":{"start":{"line":6,"column":12},"end":{"line":6,"column":13}},"loc":{"start":{"line":6,"column":18},"end":{"line":6,"column":40}},"line":6},"2":{"name":"(anonymous_2)","decl":{"start":{"line":9,"column":12},"end":{"line":9,"column":13}},"loc":{"start":{"line":9,"column":18},"end":{"line":9,"column":111}},"line":9}},"branchMap":{"0":{"loc":{"start":{"line":3,"column":16},"end":{"line":4,"column":45}},"type":"cond-expr","locations":[{"start":{"line":3,"column":46},"end":{"line":4,"column":28}},{"start":{"line":4,"column":31},"end":{"line":4,"column":45}}],"line":3},"1":{"loc":{"start":{"line":3,"column":46},"end":{"line":4,"column":28}},"type":"cond-expr","locations":[{"start":{"line":4,"column":4},"end":{"line":4,"column":11}},{"start":{"line":4,"column":14},"end":{"line":4,"column":28}}],"line":3},"2":{"loc":{"start":{"line":5,"column":9},"end":{"line":11,"column":3}},"type":"cond-expr","locations":[{"start":{"line":5,"column":31},"end":{"line":8,"column":3}},{"start":{"line":8,"column":6},"end":{"line":11,"column":3}}],"line":5}},"s":{"0":1,"1":0,"2":0,"3":0,"4":0,"5":0},"f":{"0":0,"1":0,"2":0},"b":{"0":[0,0],"1":[0,0],"2":[0,0]},"_coverageSchema":"332fd63041d2c1bcb487cc26dd0d5f7d97098a6c","hash":"015ab3798667f367faf25d24e7d6318ea8d242ff"}
,"/Users/alex/Documents/Машин проект/vs-v2/src/share/Containers/VS/EmbeddedPlayer.js": {"path":"/Users/alex/Documents/Машин проект/vs-v2/src/share/Containers/VS/EmbeddedPlayer.js","statementMap":{"0":{"start":{"line":19,"column":40},"end":{"line":19,"column":54}},"1":{"start":{"line":20,"column":21},"end":{"line":20,"column":37}},"2":{"start":{"line":22,"column":2},"end":{"line":25,"column":3}},"3":{"start":{"line":23,"column":3},"end":{"line":23,"column":29}},"4":{"start":{"line":24,"column":3},"end":{"line":24,"column":36}},"5":{"start":{"line":26,"column":2},"end":{"line":26,"column":55}},"6":{"start":{"line":26,"column":21},"end":{"line":26,"column":53}},"7":{"start":{"line":27,"column":2},"end":{"line":27,"column":37}},"8":{"start":{"line":31,"column":2},"end":{"line":33,"column":3}},"9":{"start":{"line":32,"column":3},"end":{"line":32,"column":36}},"10":{"start":{"line":37,"column":27},"end":{"line":37,"column":52}},"11":{"start":{"line":40,"column":19},"end":{"line":40,"column":38}},"12":{"start":{"line":41,"column":19},"end":{"line":41,"column":39}},"13":{"start":{"line":42,"column":2},"end":{"line":44,"column":3}},"14":{"start":{"line":43,"column":3},"end":{"line":43,"column":28}},"15":{"start":{"line":48,"column":24},"end":{"line":48,"column":34}},"16":{"start":{"line":49,"column":2},"end":{"line":57,"column":3}},"17":{"start":{"line":52,"column":5},"end":{"line":52,"column":52}},"18":{"start":{"line":61,"column":24},"end":{"line":61,"column":79}},"19":{"start":{"line":61,"column":34},"end":{"line":61,"column":78}}},"fnMap":{"0":{"name":"(anonymous_0)","decl":{"start":{"line":18,"column":18},"end":{"line":18,"column":19}},"loc":{"start":{"line":18,"column":34},"end":{"line":28,"column":2}},"line":18},"1":{"name":"(anonymous_1)","decl":{"start":{"line":30,"column":20},"end":{"line":30,"column":21}},"loc":{"start":{"line":30,"column":65},"end":{"line":35,"column":2}},"line":30},"2":{"name":"(anonymous_2)","decl":{"start":{"line":37,"column":21},"end":{"line":37,"column":22}},"loc":{"start":{"line":37,"column":27},"end":{"line":37,"column":52}},"line":37},"3":{"name":"(anonymous_3)","decl":{"start":{"line":39,"column":29},"end":{"line":39,"column":30}},"loc":{"start":{"line":39,"column":44},"end":{"line":45,"column":2}},"line":39},"4":{"name":"(anonymous_4)","decl":{"start":{"line":47,"column":1},"end":{"line":47,"column":2}},"loc":{"start":{"line":47,"column":10},"end":{"line":58,"column":2}},"line":47},"5":{"name":"(anonymous_5)","decl":{"start":{"line":51,"column":20},"end":{"line":51,"column":21}},"loc":{"start":{"line":52,"column":5},"end":{"line":52,"column":52}},"line":52},"6":{"name":"(anonymous_6)","decl":{"start":{"line":61,"column":24},"end":{"line":61,"column":25}},"loc":{"start":{"line":61,"column":34},"end":{"line":61,"column":78}},"line":61}},"branchMap":{"0":{"loc":{"start":{"line":22,"column":2},"end":{"line":25,"column":3}},"type":"if","locations":[{"start":{"line":22,"column":2},"end":{"line":25,"column":3}},{"start":{"line":22,"column":2},"end":{"line":25,"column":3}}],"line":22},"1":{"loc":{"start":{"line":26,"column":2},"end":{"line":26,"column":55}},"type":"if","locations":[{"start":{"line":26,"column":2},"end":{"line":26,"column":55}},{"start":{"line":26,"column":2},"end":{"line":26,"column":55}}],"line":26},"2":{"loc":{"start":{"line":31,"column":2},"end":{"line":33,"column":3}},"type":"if","locations":[{"start":{"line":31,"column":2},"end":{"line":33,"column":3}},{"start":{"line":31,"column":2},"end":{"line":33,"column":3}}],"line":31},"3":{"loc":{"start":{"line":42,"column":2},"end":{"line":44,"column":3}},"type":"if","locations":[{"start":{"line":42,"column":2},"end":{"line":44,"column":3}},{"start":{"line":42,"column":2},"end":{"line":44,"column":3}}],"line":42},"4":{"loc":{"start":{"line":54,"column":5},"end":{"line":54,"column":302}},"type":"cond-expr","locations":[{"start":{"line":54,"column":18},"end":{"line":54,"column":276}},{"start":{"line":54,"column":280},"end":{"line":54,"column":302}}],"line":54}},"s":{"0":4,"1":4,"2":4,"3":3,"4":3,"5":4,"6":1,"7":4,"8":0,"9":0,"10":2,"11":0,"12":0,"13":0,"14":0,"15":6,"16":6,"17":0,"18":1,"19":0},"f":{"0":4,"1":0,"2":2,"3":0,"4":6,"5":0,"6":0},"b":{"0":[3,1],"1":[1,3],"2":[0,0],"3":[0,0],"4":[6,0]},"_coverageSchema":"332fd63041d2c1bcb487cc26dd0d5f7d97098a6c","hash":"d12cd2970529b95835f30807becee9d47cf27c02"}
}
