TN:
SF:/Users/alex/Documents/Машин проект/vs-v2/_tests/setupTest.js
FNF:0
FNH:0
DA:1,1
DA:2,1
DA:5,1
LF:3
LH:3
BRF:0
BRH:0
end_of_record
TN:
SF:/Users/alex/Documents/Машин проект/vs-v2/_tests/util.js
FN:1,(anonymous_0)
FN:6,(anonymous_1)
FN:9,(anonymous_2)
FNF:3
FNH:0
FNDA:0,(anonymous_0)
FNDA:0,(anonymous_1)
FNDA:0,(anonymous_2)
DA:1,1
DA:2,0
DA:3,0
DA:5,0
DA:6,0
DA:9,0
LF:6
LH:1
BRDA:3,0,0,0
BRDA:3,0,1,0
BRDA:3,1,0,0
BRDA:3,1,1,0
BRDA:5,2,0,0
BRDA:5,2,1,0
BRF:6
BRH:0
end_of_record
TN:
SF:/Users/alex/Documents/Машин проект/vs-v2/src/share/Containers/VS/EmbeddedPlayer.js
FN:18,(anonymous_0)
FN:30,(anonymous_1)
FN:37,(anonymous_2)
FN:39,(anonymous_3)
FN:47,(anonymous_4)
FN:51,(anonymous_5)
FN:61,(anonymous_6)
FNF:7
FNH:3
FNDA:4,(anonymous_0)
FNDA:0,(anonymous_1)
FNDA:2,(anonymous_2)
FNDA:0,(anonymous_3)
FNDA:6,(anonymous_4)
FNDA:0,(anonymous_5)
FNDA:0,(anonymous_6)
DA:19,4
DA:20,4
DA:22,4
DA:23,3
DA:24,3
DA:26,4
DA:27,4
DA:31,0
DA:32,0
DA:37,2
DA:40,0
DA:41,0
DA:42,0
DA:43,0
DA:48,6
DA:49,6
DA:52,0
DA:61,1
LF:18
LH:11
BRDA:22,0,0,3
BRDA:22,0,1,1
BRDA:26,1,0,1
BRDA:26,1,1,3
BRDA:31,2,0,0
BRDA:31,2,1,0
BRDA:42,3,0,0
BRDA:42,3,1,0
BRDA:54,4,0,6
BRDA:54,4,1,0
BRF:10
BRH:5
end_of_record
